Started GET "/" for ::1 at 2023-04-10 01:27:06 +0100
Processing by Rails::WelcomeController#index as HTML
  Rendering /Users/andrefranco/.rbenv/versions/3.1.2/lib/ruby/gems/3.1.0/gems/railties-7.0.4.3/lib/rails/templates/rails/welcome/index.html.erb
  Rendered /Users/andrefranco/.rbenv/versions/3.1.2/lib/ruby/gems/3.1.0/gems/railties-7.0.4.3/lib/rails/templates/rails/welcome/index.html.erb (Duration: 2.0ms | Allocations: 526)
Completed 200 OK in 11ms (Views: 6.9ms | Allocations: 2775)


Started GET "/pull_request_ai" for ::1 at 2023-04-10 01:27:08 +0100
Started GET "/pull_request_ai" for ::1 at 2023-04-10 01:32:56 +0100
Started GET "/pull_request_ai" for ::1 at 2023-04-10 01:32:57 +0100
Started GET "/pull_request_ai" for ::1 at 2023-04-10 01:38:40 +0100
Processing by PullRequestAi::PullRequestAiController#index as HTML
  Rendering layout /Users/andrefranco/pull_request_ai/app/views/layouts/pull_request_ai/application.html.erb
  Rendering /Users/andrefranco/pull_request_ai/app/views/pull_request_ai/pull_request_ai/index.html.erb within layouts/pull_request_ai/application
  Rendered /Users/andrefranco/pull_request_ai/app/views/pull_request_ai/pull_request_ai/index.html.erb within layouts/pull_request_ai/application (Duration: 10.0ms | Allocations: 5387)
  Rendered layout /Users/andrefranco/pull_request_ai/app/views/layouts/pull_request_ai/application.html.erb (Duration: 15.8ms | Allocations: 9422)
Completed 200 OK in 21ms (Views: 18.4ms | Allocations: 11885)


  
ActionController::RoutingError (No route matches "/assets/pull_request_ai/application-ce435edb8ebc41f2ee54d8bfc4e6da661daa1caa3dbd28bf9e7809ff963c755c.css"):
  
Started GET "/pull_request_ai" for ::1 at 2023-04-10 01:43:28 +0100
Processing by PullRequestAi::PullRequestAiController#index as HTML
  Rendering layout /Users/andrefranco/pull_request_ai/app/views/layouts/pull_request_ai/application.html.erb
  Rendering /Users/andrefranco/pull_request_ai/app/views/pull_request_ai/pull_request_ai/index.html.erb within layouts/pull_request_ai/application
  Rendered /Users/andrefranco/pull_request_ai/app/views/pull_request_ai/pull_request_ai/index.html.erb within layouts/pull_request_ai/application (Duration: 12.7ms | Allocations: 5533)
  Rendered layout /Users/andrefranco/pull_request_ai/app/views/layouts/pull_request_ai/application.html.erb (Duration: 18.1ms | Allocations: 9568)
Completed 200 OK in 24ms (Views: 20.9ms | Allocations: 12031)


